


ARM Macro Assembler    Page 1 


    1 00000000         ;Storage adresses
    2 00000000 20000400 
                       XPOSB   EQU              0x20000400
    3 00000000 20000420 
                       YPOSB   EQU              0x20000420
    4 00000000 20000440 
                       YPOSBITB
                               EQU              0x20000440
    5 00000000 20000460 
                       XPOSC   EQU              0x20000460
    6 00000000 20000480 
                       YPOSC   EQU              0x20000480
    7 00000000 20000500 
                       YPOSBITC
                               EQU              0x20000500
    8 00000000         
    9 00000000         ;Nested Vector Interrupt Controller registers
   10 00000000 00080000 
                       NVIC_EN0_INT19
                               EQU              0x00080000  ; Interrupt 30 enab
                                                            le
   11 00000000 E000E100 
                       NVIC_EN0
                               EQU              0xE000E100  ; IRQ 0 to 31 Set E
                                                            nable Register
   12 00000000 E000E41C 
                       NVIC_PRI7
                               EQU              0xE000E41C  ; IRQ 28 to 31 Prio
                                                            rity Register
   13 00000000         
   14 00000000         ;GPIO Registers
   15 00000000 40025044 
                       GPIO_PORTF_DATA
                               EQU              0x40025044  ; Access BIT&BIT4
   16 00000000 40025400 
                       GPIO_PORTF_DIR
                               EQU              0x40025400  ; Port Direction
   17 00000000 40025420 
                       GPIO_PORTF_AFSEL
                               EQU              0x40025420  ; Alt Function enab
                                                            le
   18 00000000 4002551C 
                       GPIO_PORTF_DEN
                               EQU              0x4002551C  ; Digital Enable
   19 00000000 40025528 
                       GPIO_PORTF_AMSEL
                               EQU              0x40025528  ; Analog enable
   20 00000000 4002552C 
                       GPIO_PORTF_PCTL
                               EQU              0x4002552C  ; Alternate Functio
                                                            ns
   21 00000000 40025510 
                       GPIO_PORTF_PUR_R
                               EQU              0x40025510
   22 00000000 40025520 
                       GPIO_PORTF_LOCK_R
                               EQU              0x40025520
   23 00000000 40025524 
                       GPIO_PORTF_CR



ARM Macro Assembler    Page 2 


                               EQU              0x40025524
   24 00000000 40025404 
                       GPIO_PORTF_IS
                               EQU              0x40025404
   25 00000000 40025408 
                       GPIO_PORTF_IBE
                               EQU              0x40025408
   26 00000000 4002540C 
                       GPIO_PORTF_IEV
                               EQU              0x4002540C
   27 00000000 40025410 
                       GPIO_PORTF_IM
                               EQU              0x40025410
   28 00000000 4002541C 
                       GPIO_PORTF_ICR
                               EQU              0x4002541C
   29 00000000 40025414 
                       GPIO_PORTF_RIS
                               EQU              0x40025414
   30 00000000         
   31 00000000         
   32 00000000         ;System Registers
   33 00000000 400FE608 
                       SYSCTL_RCGCGPIO
                               EQU              0x400FE608  ; GPIO Gate Control
                                                            
   34 00000000         ;---------------------------------------------------
   35 00000000         
   36 00000000                 AREA             routines, CODE, READONLY
   37 00000000                 THUMB
   38 00000000                 EXPORT           GPIO_Init
   39 00000000                 EXPORT           My_GPIOPortF_Handler
   40 00000000                 EXTERN           Outship
   41 00000000                 EXTERN           Sampl
   42 00000000                 EXTERN           SetXYNokia
   43 00000000                 EXTERN           OutBUNokia
   44 00000000                 EXTERN           OutBLNokia
   45 00000000                 EXTERN           OutCUNokia
   46 00000000                 EXTERN           OutCLNokia
   47 00000000         
   48 00000000         ;---------------------------------------------------    
                       
   49 00000000         My_GPIOPortF_Handler
   50 00000000 B53F            PUSH             {R0-R5,LR}
   51 00000002 4963            LDR              R1,=GPIO_PORTF_RIS
   52 00000004 6808            LDR              R0,[R1]
   53 00000006 F010 0001       ANDS             R0,#1
   54 0000000A D101            BNE              insertc
   55 0000000C D039            BEQ              insertb
   56 0000000E E070            B                exit
   57 00000010         
   58 00000010 F7FF FFFE 
                       insertc BL               Sampl
   59 00000014 F04F 0037       MOV              R0, #55     ;Map the ADC value 
                                                            to the (6-70) for x
                                                             axis  
   60 00000018 FB04 F400       MUL              R4, R0
   61 0000001C F640 70FF       MOV              R0, #4095
   62 00000020 FBB4 F4F0       UDIV             R4, R0



ARM Macro Assembler    Page 3 


   63 00000024 F104 0409       ADD              R4, #9
   64 00000028 495A            LDR              R1,=XPOSC
   65 0000002A F04F 0304       MOV              R3, #4
   66 0000002E FB03 F309       MUL              R3, R9
   67 00000032 4419            ADD              R1, R3
   68 00000034 600C            STR              R4,[R1]
   69 00000036 F04F 0018       MOV              R0, #24     ;Map the ADC value 
                                                            to the (8-40) for y
                                                             axis
   70 0000003A FB05 F500       MUL              R5, R0
   71 0000003E F640 70FF       MOV              R0, #4095
   72 00000042 FBB5 F5F0       UDIV             R5, R0
   73 00000046 F105 0502       ADD              R5, #2      ;R5 has Ypos(0-32)
   74 0000004A 462A            MOV              R2, R5      ;R2 will be used as
                                                             remainder
   75 0000004C F04F 0008       MOV              R0, #8
   76 00000050 FBB5 F5F0       UDIV             R5, R0
   77 00000054 FB05 F100       MUL              R1, R5, R0
   78 00000058 EBA2 0201       SUB              R2, R1      ;R2 contains remain
                                                            der
   79 0000005C F105 0501       ADD              R5, #1      ;R5 has Ypos(1-5)
   80 00000060 494D            LDR              R1,=YPOSBITC
   81 00000062 F04F 0304       MOV              R3, #4
   82 00000066 FB03 F309       MUL              R3, R9
   83 0000006A 4419            ADD              R1, R3
   84 0000006C 600A            STR              R2,[R1]
   85 0000006E 494B            LDR              R1,=YPOSC
   86 00000070 F04F 0304       MOV              R3, #4
   87 00000074 FB03 F309       MUL              R3, R9
   88 00000078 4419            ADD              R1, R3
   89 0000007A 600D            STR              R5,[R1]
   90 0000007C F109 0901       ADD              R9, #1
   91 00000080 E037            B                exit
   92 00000082         
   93 00000082 F7FF FFFE 
                       insertb BL               Sampl
   94 00000086 F04F 0037       MOV              R0, #55     ;Map the ADC value 
                                                            to the (6-70) for x
                                                             axis  
   95 0000008A FB04 F400       MUL              R4, R0
   96 0000008E F640 70FF       MOV              R0, #4095
   97 00000092 FBB4 F4F0       UDIV             R4, R0
   98 00000096 F104 0409       ADD              R4, #9
   99 0000009A 4941            LDR              R1,=XPOSB
  100 0000009C F04F 0304       MOV              R3, #4
  101 000000A0 FB03 F30A       MUL              R3, R10
  102 000000A4 4419            ADD              R1, R3
  103 000000A6 600C            STR              R4,[R1]
  104 000000A8 F04F 0018       MOV              R0, #24     ;Map the ADC value 
                                                            to the (8-40) for y
                                                             axis
  105 000000AC FB05 F500       MUL              R5, R0
  106 000000B0 F640 70FF       MOV              R0, #4095
  107 000000B4 FBB5 F5F0       UDIV             R5, R0
  108 000000B8 F105 0502       ADD              R5, #2      ;R5 has Ypos(0-32)
  109 000000BC 462A            MOV              R2, R5      ;R2 will be used as
                                                             remainder
  110 000000BE F04F 0008       MOV              R0, #8
  111 000000C2 FBB5 F5F0       UDIV             R5, R0



ARM Macro Assembler    Page 4 


  112 000000C6 FB05 F100       MUL              R1, R5, R0
  113 000000CA EBA2 0201       SUB              R2, R1      ;R2 contains remain
                                                            der
  114 000000CE F105 0501       ADD              R5, #1      ;R5 has Ypos(1-5)
  115 000000D2 4934            LDR              R1,=YPOSBITB
  116 000000D4 F04F 0304       MOV              R3, #4
  117 000000D8 FB03 F30A       MUL              R3, R10
  118 000000DC 4419            ADD              R1, R3
  119 000000DE 600A            STR              R2,[R1]
  120 000000E0 4931            LDR              R1,=YPOSB
  121 000000E2 F04F 0304       MOV              R3, #4
  122 000000E6 FB03 F30A       MUL              R3, R10
  123 000000EA 4419            ADD              R1, R3
  124 000000EC 600D            STR              R5,[R1]
  125 000000EE F10A 0A01       ADD              R10, #1
  126 000000F2         
  127 000000F2 492E    exit    LDR              R1,=GPIO_PORTF_ICR
  128 000000F4 F04F 0011       MOV              R0,#0x11
  129 000000F8 6008            STR              R0, [R1]
  130 000000FA         
  131 000000FA E8BD 403F       POP              {R0-R5,LR}
  132 000000FE         
  133 000000FE 4770            BX               LR
  134 00000100         ;---------------------------------------------------
  135 00000100         ;---------------------------------------------------
  136 00000100         GPIO_Init
  137 00000100 B43F            PUSH             {R0-R5}
  138 00000102 492B            LDR              R1, =SYSCTL_RCGCGPIO 
                                                            ; start GPIO clock
  139 00000104 6808            LDR              R0, [R1]
  140 00000106 F040 0020       ORR              R0, R0, #0x20 ; set bit 5 for p
                                                            ort F
  141 0000010A 6008            STR              R0, [R1]
  142 0000010C BF00            NOP                          ; allow clock to se
                                                            ttle
  143 0000010E BF00            NOP
  144 00000110 BF00            NOP
  145 00000112 4928            LDR              R1, =GPIO_PORTF_LOCK_R 
                                                            ;Unlock the ports
  146 00000114 4828            LDR              R0, =0x4C4F434B
  147 00000116 6008            STR              R0, [R1]
  148 00000118 4928            LDR              R1, =GPIO_PORTF_CR ; committed 
                                                             Port F(0:7)
  149 0000011A F04F 00FF       MOV              R0, #0xFF
  150 0000011E 6008            STR              R0, [R1]
  151 00000120 4927            LDR              R1, =GPIO_PORTF_DIR ; set direc
                                                            tion of PF2
  152 00000122 6808            LDR              R0, [R1]
  153 00000124 F020 0011       BIC              R0, R0, #0x11 ; clear bit4 and 
                                                            bit0 for input
  154 00000128 6008            STR              R0, [R1]
  155 0000012A 4926            LDR              R1, =GPIO_PORTF_AFSEL ; regular
                                                             port function
  156 0000012C 6808            LDR              R0, [R1]
  157 0000012E F020 0011       BIC              R0, R0, #0x11
  158 00000132 6008            STR              R0, [R1]
  159 00000134 4924            LDR              R1, =GPIO_PORTF_AMSEL 
                                                            ; disable analog
  160 00000136 6808            LDR              R0, [R1]



ARM Macro Assembler    Page 5 


  161 00000138 F020 0011       BIC              R0, R0, #0x11
  162 0000013C 6008            STR              R0, [R1]
  163 0000013E 4923            LDR              R1, =GPIO_PORTF_DEN ; enable po
                                                            rt digital
  164 00000140 6808            LDR              R0, [R1]
  165 00000142 F040 0011       ORR              R0, R0, #0x11
  166 00000146 6008            STR              R0, [R1]
  167 00000148 4921            LDR              R1, =GPIO_PORTF_PUR_R ;pull ups
                                                             on pins 0 and 4 of
                                                             PORT F
  168 0000014A F04F 0011       MOV              R0, #0x11
  169 0000014E 6008            STR              R0, [R1]
  170 00000150 4920            LDR              R1, =GPIO_PORTF_IS
  171 00000152 4A21            LDR              R2, =GPIO_PORTF_IBE
  172 00000154 4B21            LDR              R3, =GPIO_PORTF_IEV
  173 00000156 4C22            LDR              R4, =GPIO_PORTF_IM
  174 00000158 4D14            LDR              R5, =GPIO_PORTF_ICR
  175 0000015A         
  176 0000015A F04F 0000       MOV              R0, #0x00
  177 0000015E 6008            STR              R0, [R1]    ;PF is edge-sensiti
                                                            ve 
  178 00000160 6010            STR              R0, [R2]    ;PF is not both edg
                                                            es 
  179 00000162 6018            STR              R0, [R3]    ;PF4&PF0 is falling
                                                             edge 
  180 00000164 F04F 0011       MOV              R0, #0x11
  181 00000168 6020            STR              R0, [R4]    ;enable interrupt f
                                                            or PF4&PF0
  182 0000016A 6028            STR              R0, [R5]    ;clear interrupt fl
                                                            ag for PF4&PF0
  183 0000016C         
  184 0000016C         ; Configure interrupt priorities
  185 0000016C         ; Timer0A is interrupt #30.
  186 0000016C         ; Interrupts 28-31 are handled by NVIC register PRI7.
  187 0000016C         ; Interrupt 30 is controlled by bits 23:21 of PRI7.
  188 0000016C         ; set NVIC interrupt 30 to priority 3
  189 0000016C 491D            LDR              R1, =NVIC_PRI7
  190 0000016E 680A            LDR              R2, [R1]
  191 00000170 F422 027F       AND              R2, R2, #0xFF00FFFF ; clear int
                                                            errupt 30 priority
  192 00000174 F442 02C0       ORR              R2, R2, #0x00600000 ; set inter
                                                            rupt 30 priority to
                                                             3
  193 00000178 600A            STR              R2, [R1]
  194 0000017A         ; NVIC has to be enabled
  195 0000017A         ; Interrupts 0-31 are handled by NVIC register EN0
  196 0000017A         ; Interrupt 30 is controlled by bit 30
  197 0000017A         ; enable interrupt 30 in NVIC
  198 0000017A 491B            LDR              R1, =NVIC_EN0
  199 0000017C F04F 0000       MOV              R0, #0
  200 00000180 F2C4 0000       MOVT             R0, #0x4000 ; set bit 30 to ena
                                                            ble interrupt 30
  201 00000184 680A            LDR              R2, [R1]
  202 00000186 EA42 0200       ORR              R2, R0
  203 0000018A 600A            STR              R2, [R1]
  204 0000018C BC3F            POP              {R0-R5}
  205 0000018E 4770            BX               LR
  206 00000190                 ALIGN
  207 00000190                 END



ARM Macro Assembler    Page 6 


              40025414 
              20000460 
              20000500 
              20000480 
              20000400 
              20000440 
              20000420 
              4002541C 
              400FE608 
              40025520 
              4C4F434B 
              40025524 
              40025400 
              40025420 
              40025528 
              4002551C 
              40025510 
              40025404 
              40025408 
              4002540C 
              40025410 
              E000E41C 
              E000E100 
Command Line: --debug --xref --diag_suppress=9931 --cpu=Cortex-M4.fp --apcs=int
erwork --depend=.\objects\gpio.d -o.\objects\gpio.o -I.\RTE\_Target_1 -IC:\Keil
_v5\ARM\PACK\Keil\TM4C_DFP\1.1.0\Device\Include\TM4C123 -IC:\Keil_v5\ARM\CMSIS\
Include --predefine="__EVAL SETA 1" --predefine="__UVISION_VERSION SETA 526" --
predefine="TM4C123GH6PM SETA 1" --list=.\listings\gpio.lst GPIO.s



ARM Macro Assembler    Page 1 Alphabetic symbol ordering
Relocatable symbols

GPIO_Init 00000100

Symbol: GPIO_Init
   Definitions
      At line 136 in file GPIO.s
   Uses
      At line 38 in file GPIO.s
Comment: GPIO_Init used once
My_GPIOPortF_Handler 00000000

Symbol: My_GPIOPortF_Handler
   Definitions
      At line 49 in file GPIO.s
   Uses
      At line 39 in file GPIO.s
Comment: My_GPIOPortF_Handler used once
exit 000000F2

Symbol: exit
   Definitions
      At line 127 in file GPIO.s
   Uses
      At line 56 in file GPIO.s
      At line 91 in file GPIO.s

insertb 00000082

Symbol: insertb
   Definitions
      At line 93 in file GPIO.s
   Uses
      At line 55 in file GPIO.s
Comment: insertb used once
insertc 00000010

Symbol: insertc
   Definitions
      At line 58 in file GPIO.s
   Uses
      At line 54 in file GPIO.s
Comment: insertc used once
routines 00000000

Symbol: routines
   Definitions
      At line 36 in file GPIO.s
   Uses
      None
Comment: routines unused
6 symbols



ARM Macro Assembler    Page 1 Alphabetic symbol ordering
Absolute symbols

GPIO_PORTF_AFSEL 40025420

Symbol: GPIO_PORTF_AFSEL
   Definitions
      At line 17 in file GPIO.s
   Uses
      At line 155 in file GPIO.s
Comment: GPIO_PORTF_AFSEL used once
GPIO_PORTF_AMSEL 40025528

Symbol: GPIO_PORTF_AMSEL
   Definitions
      At line 19 in file GPIO.s
   Uses
      At line 159 in file GPIO.s
Comment: GPIO_PORTF_AMSEL used once
GPIO_PORTF_CR 40025524

Symbol: GPIO_PORTF_CR
   Definitions
      At line 23 in file GPIO.s
   Uses
      At line 148 in file GPIO.s
Comment: GPIO_PORTF_CR used once
GPIO_PORTF_DATA 40025044

Symbol: GPIO_PORTF_DATA
   Definitions
      At line 15 in file GPIO.s
   Uses
      None
Comment: GPIO_PORTF_DATA unused
GPIO_PORTF_DEN 4002551C

Symbol: GPIO_PORTF_DEN
   Definitions
      At line 18 in file GPIO.s
   Uses
      At line 163 in file GPIO.s
Comment: GPIO_PORTF_DEN used once
GPIO_PORTF_DIR 40025400

Symbol: GPIO_PORTF_DIR
   Definitions
      At line 16 in file GPIO.s
   Uses
      At line 151 in file GPIO.s
Comment: GPIO_PORTF_DIR used once
GPIO_PORTF_IBE 40025408

Symbol: GPIO_PORTF_IBE
   Definitions
      At line 25 in file GPIO.s
   Uses
      At line 171 in file GPIO.s
Comment: GPIO_PORTF_IBE used once
GPIO_PORTF_ICR 4002541C

Symbol: GPIO_PORTF_ICR



ARM Macro Assembler    Page 2 Alphabetic symbol ordering
Absolute symbols

   Definitions
      At line 28 in file GPIO.s
   Uses
      At line 127 in file GPIO.s
      At line 174 in file GPIO.s

GPIO_PORTF_IEV 4002540C

Symbol: GPIO_PORTF_IEV
   Definitions
      At line 26 in file GPIO.s
   Uses
      At line 172 in file GPIO.s
Comment: GPIO_PORTF_IEV used once
GPIO_PORTF_IM 40025410

Symbol: GPIO_PORTF_IM
   Definitions
      At line 27 in file GPIO.s
   Uses
      At line 173 in file GPIO.s
Comment: GPIO_PORTF_IM used once
GPIO_PORTF_IS 40025404

Symbol: GPIO_PORTF_IS
   Definitions
      At line 24 in file GPIO.s
   Uses
      At line 170 in file GPIO.s
Comment: GPIO_PORTF_IS used once
GPIO_PORTF_LOCK_R 40025520

Symbol: GPIO_PORTF_LOCK_R
   Definitions
      At line 22 in file GPIO.s
   Uses
      At line 145 in file GPIO.s
Comment: GPIO_PORTF_LOCK_R used once
GPIO_PORTF_PCTL 4002552C

Symbol: GPIO_PORTF_PCTL
   Definitions
      At line 20 in file GPIO.s
   Uses
      None
Comment: GPIO_PORTF_PCTL unused
GPIO_PORTF_PUR_R 40025510

Symbol: GPIO_PORTF_PUR_R
   Definitions
      At line 21 in file GPIO.s
   Uses
      At line 167 in file GPIO.s
Comment: GPIO_PORTF_PUR_R used once
GPIO_PORTF_RIS 40025414

Symbol: GPIO_PORTF_RIS
   Definitions
      At line 29 in file GPIO.s



ARM Macro Assembler    Page 3 Alphabetic symbol ordering
Absolute symbols

   Uses
      At line 51 in file GPIO.s
Comment: GPIO_PORTF_RIS used once
NVIC_EN0 E000E100

Symbol: NVIC_EN0
   Definitions
      At line 11 in file GPIO.s
   Uses
      At line 198 in file GPIO.s
Comment: NVIC_EN0 used once
NVIC_EN0_INT19 00080000

Symbol: NVIC_EN0_INT19
   Definitions
      At line 10 in file GPIO.s
   Uses
      None
Comment: NVIC_EN0_INT19 unused
NVIC_PRI7 E000E41C

Symbol: NVIC_PRI7
   Definitions
      At line 12 in file GPIO.s
   Uses
      At line 189 in file GPIO.s
Comment: NVIC_PRI7 used once
SYSCTL_RCGCGPIO 400FE608

Symbol: SYSCTL_RCGCGPIO
   Definitions
      At line 33 in file GPIO.s
   Uses
      At line 138 in file GPIO.s
Comment: SYSCTL_RCGCGPIO used once
XPOSB 20000400

Symbol: XPOSB
   Definitions
      At line 2 in file GPIO.s
   Uses
      At line 99 in file GPIO.s
Comment: XPOSB used once
XPOSC 20000460

Symbol: XPOSC
   Definitions
      At line 5 in file GPIO.s
   Uses
      At line 64 in file GPIO.s
Comment: XPOSC used once
YPOSB 20000420

Symbol: YPOSB
   Definitions
      At line 3 in file GPIO.s
   Uses
      At line 120 in file GPIO.s
Comment: YPOSB used once



ARM Macro Assembler    Page 4 Alphabetic symbol ordering
Absolute symbols

YPOSBITB 20000440

Symbol: YPOSBITB
   Definitions
      At line 4 in file GPIO.s
   Uses
      At line 115 in file GPIO.s
Comment: YPOSBITB used once
YPOSBITC 20000500

Symbol: YPOSBITC
   Definitions
      At line 7 in file GPIO.s
   Uses
      At line 80 in file GPIO.s
Comment: YPOSBITC used once
YPOSC 20000480

Symbol: YPOSC
   Definitions
      At line 6 in file GPIO.s
   Uses
      At line 85 in file GPIO.s
Comment: YPOSC used once
25 symbols



ARM Macro Assembler    Page 1 Alphabetic symbol ordering
External symbols

OutBLNokia 00000000

Symbol: OutBLNokia
   Definitions
      At line 44 in file GPIO.s
   Uses
      None
Comment: OutBLNokia unused
OutBUNokia 00000000

Symbol: OutBUNokia
   Definitions
      At line 43 in file GPIO.s
   Uses
      None
Comment: OutBUNokia unused
OutCLNokia 00000000

Symbol: OutCLNokia
   Definitions
      At line 46 in file GPIO.s
   Uses
      None
Comment: OutCLNokia unused
OutCUNokia 00000000

Symbol: OutCUNokia
   Definitions
      At line 45 in file GPIO.s
   Uses
      None
Comment: OutCUNokia unused
Outship 00000000

Symbol: Outship
   Definitions
      At line 40 in file GPIO.s
   Uses
      None
Comment: Outship unused
Sampl 00000000

Symbol: Sampl
   Definitions
      At line 41 in file GPIO.s
   Uses
      At line 58 in file GPIO.s
      At line 93 in file GPIO.s

SetXYNokia 00000000

Symbol: SetXYNokia
   Definitions
      At line 42 in file GPIO.s
   Uses
      None
Comment: SetXYNokia unused
7 symbols
374 symbols in table
